[INFO] Scanning for projects...
[INFO] 
[INFO] ----------------------< com.example:farm-planner >----------------------
[INFO] Building farm-planner 0.0.1-SNAPSHOT
[INFO]   from pom.xml
[INFO] --------------------------------[ jar ]---------------------------------
[INFO] 
[INFO] >>> spring-boot:3.5.5:run (default-cli) > test-compile @ farm-planner >>>
[INFO] 
[INFO] --- resources:3.3.1:resources (default-resources) @ farm-planner ---
[INFO] Copying 3 resources from src/main/resources to target/classes
[INFO] Copying 2 resources from src/main/resources to target/classes
[INFO] 
[INFO] --- compiler:3.14.0:compile (default-compile) @ farm-planner ---
[INFO] Nothing to compile - all classes are up to date.
[INFO] 
[INFO] --- resources:3.3.1:testResources (default-testResources) @ farm-planner ---
[INFO] skip non existing resourceDirectory /Users/younis/Projects/Passion-Project/farm-planner/src/test/resources
[INFO] 
[INFO] --- compiler:3.14.0:testCompile (default-testCompile) @ farm-planner ---
[INFO] Nothing to compile - all classes are up to date.
[INFO] 
[INFO] <<< spring-boot:3.5.5:run (default-cli) < test-compile @ farm-planner <<<
[INFO] 
[INFO] 
[INFO] --- spring-boot:3.5.5:run (default-cli) @ farm-planner ---
[INFO] Attaching agents: []

  .   ____          _            __ _ _
 /\\ / ___'_ __ _ _(_)_ __  __ _ \ \ \ \
( ( )\___ | '_ | '_| | '_ \/ _` | \ \ \ \
 \\/  ___)| |_)| | | | | || (_| |  ) ) ) )
  '  |____| .__|_| |_|_| |_\__, | / / / /
 =========|_|==============|___/=/_/_/_/

 :: Spring Boot ::                (v3.5.5)

2025-09-12T14:42:47.218-04:00  INFO 22133 --- [farm-planner] [           main] c.e.farm_planner.FarmPlannerApplication  : Starting FarmPlannerApplication using Java 17.0.12 with PID 22133 (/Users/younis/Projects/Passion-Project/farm-planner/target/classes started by younis in /Users/younis/Projects/Passion-Project/farm-planner)
2025-09-12T14:42:47.219-04:00  INFO 22133 --- [farm-planner] [           main] c.e.farm_planner.FarmPlannerApplication  : The following 1 profile is active: "mock"
2025-09-12T14:42:47.715-04:00  INFO 22133 --- [farm-planner] [           main] o.s.b.w.embedded.tomcat.TomcatWebServer  : Tomcat initialized with port 8081 (http)
2025-09-12T14:42:47.722-04:00  INFO 22133 --- [farm-planner] [           main] o.apache.catalina.core.StandardService   : Starting service [Tomcat]
2025-09-12T14:42:47.722-04:00  INFO 22133 --- [farm-planner] [           main] o.apache.catalina.core.StandardEngine    : Starting Servlet engine: [Apache Tomcat/10.1.44]
2025-09-12T14:42:47.744-04:00  INFO 22133 --- [farm-planner] [           main] o.a.c.c.C.[Tomcat].[localhost].[/]       : Initializing Spring embedded WebApplicationContext
2025-09-12T14:42:47.744-04:00  INFO 22133 --- [farm-planner] [           main] w.s.c.ServletWebServerApplicationContext : Root WebApplicationContext: initialization completed in 506 ms
2025-09-12T14:42:48.022-04:00  INFO 22133 --- [farm-planner] [           main] r$InitializeUserDetailsManagerConfigurer : Global AuthenticationManager configured with UserDetailsService bean with name userDetailsService
2025-09-12T14:42:48.250-04:00  INFO 22133 --- [farm-planner] [           main] o.s.b.w.embedded.tomcat.TomcatWebServer  : Tomcat started on port 8081 (http) with context path '/'
2025-09-12T14:42:48.255-04:00  INFO 22133 --- [farm-planner] [           main] c.e.farm_planner.FarmPlannerApplication  : Started FarmPlannerApplication in 1.244 seconds (process running for 1.395)
2025-09-12T14:43:39.420-04:00  INFO 22133 --- [farm-planner] [nio-8081-exec-1] o.a.c.c.C.[Tomcat].[localhost].[/]       : Initializing Spring DispatcherServlet 'dispatcherServlet'
2025-09-12T14:43:39.420-04:00  INFO 22133 --- [farm-planner] [nio-8081-exec-1] o.s.web.servlet.DispatcherServlet        : Initializing Servlet 'dispatcherServlet'
2025-09-12T14:43:39.421-04:00  INFO 22133 --- [farm-planner] [nio-8081-exec-1] o.s.web.servlet.DispatcherServlet        : Completed initialization in 1 ms
